<?xml version="1.0" encoding="UTF-8"?>
<!-- Generated by org.testng.reporters.JUnitXMLReporter -->
<testsuite ignored="0" hostname="DESKTOP-JTB7APR" failures="1" tests="2" name="Test" time="21.343" errors="0" timestamp="2023-04-26T20:00:31 IST">
  <testcase classname="testCase_1" name="testDemo" time="16.96"/>
  <testcase classname="testCase_1" name="verifyTitle" time="2.511">
    <failure type="java.lang.AssertionError" message="expected [Red Bus] but found [Book Bus Travels, AC Volvo Bus, rPool &amp;amp; Bus Hire - redBus India]">
      <![CDATA[java.lang.AssertionError: expected [Red Bus] but found [Book Bus Travels, AC Volvo Bus, rPool & Bus Hire - redBus India]
at testCase_1.verifyTitle(testCase_1.java:26)
at java.base/java.util.ArrayList.forEach(ArrayList.java:1511)
... Removed 31 stack frames]]>
    </failure>
  </testcase> <!-- verifyTitle -->
</testsuite> <!-- Test -->
