<?xml version="1.0" encoding="UTF-8"?>
<testng-results ignored="1" total="2" passed="1" failed="0" skipped="0">
  <reporter-output>
  </reporter-output>
  <suite started-at="2023-04-26T20:46:20 IST" name="Default suite" finished-at="2023-04-26T20:46:54 IST" duration-ms="33986">
    <groups>
    </groups>
    <test started-at="2023-04-26T20:46:20 IST" name="Default test" finished-at="2023-04-26T20:46:54 IST" duration-ms="33986">
      <class name="testCase_1">
        <test-method is-config="true" signature="startService()[pri:0, instance:testCase_1@595b007d]" started-at="2023-04-26T20:46:21 IST" name="startService" finished-at="2023-04-26T20:46:22 IST" duration-ms="1341" status="PASS">
          <reporter-output>
          </reporter-output>
        </test-method> <!-- startService -->
        <test-method signature="testDemo()[pri:0, instance:testCase_1@595b007d]" started-at="2023-04-26T20:46:22 IST" name="testDemo" finished-at="2023-04-26T20:46:54 IST" duration-ms="32560" status="PASS">
          <reporter-output>
          </reporter-output>
        </test-method> <!-- testDemo -->
        <test-method is-config="true" signature="stopService()[pri:0, instance:testCase_1@595b007d]" started-at="2023-04-26T20:46:54 IST" name="stopService" finished-at="2023-04-26T20:46:54 IST" duration-ms="54" status="PASS">
          <reporter-output>
          </reporter-output>
        </test-method> <!-- stopService -->
      </class> <!-- testCase_1 -->
    </test> <!-- Default test -->
  </suite> <!-- Default suite -->
</testng-results>
